Arguments: 
  /usr/local/Cellar/node/18.0.0/bin/node /usr/local/bin/yarn init

PATH: 
  /Users/wangjintao/Public/browser/depot_tools:/usr/local/bin:/usr/bin:/bin:/usr/sbin:/sbin

Yarn version: 
  1.22.17

Node version: 
  18.0.0

Platform: 
  darwin x64

Trace: 
  Error: canceled
      at Interface.<anonymous> (/usr/local/lib/node_modules/yarn/lib/cli.js:137143:13)
      at Interface.emit (node:events:527:28)
      at [_ttyWrite] [as _ttyWrite] (node:internal/readline/interface:1123:18)
      at ReadStream.onkeypress (node:internal/readline/interface:272:20)
      at ReadStream.emit (node:events:527:28)
      at emitKeys (node:internal/readline/utils:358:14)
      at emitKeys.next (<anonymous>)
      at ReadStream.onData (node:internal/readline/emitKeypressEvents:64:36)
      at ReadStream.emit (node:events:527:28)
      at addChunk (node:internal/streams/readable:324:12)

npm manifest: 
  No manifest

yarn manifest: 
  No manifest

Lockfile: 
  No lockfile
